This file contains any messages produced by compilers while
running configure, to aid debugging if configure makes a mistake.

It was created by configure, which was
generated by GNU Autoconf 2.69.  Invocation command line was

  $ ./configure 

## --------- ##
## Platform. ##
## --------- ##

hostname = iMac.local
uname -m = x86_64
uname -r = 15.6.0
uname -s = Darwin
uname -v = Darwin Kernel Version 15.6.0: Thu Jun 23 18:25:34 PDT 2016; root:xnu-3248.60.10~1/RELEASE_X86_64

/usr/bin/uname -p = i386
/bin/uname -X     = unknown

/bin/arch              = unknown
/usr/bin/arch -k       = unknown
/usr/convex/getsysinfo = unknown
/usr/bin/hostinfo      = Mach kernel version:
	 Darwin Kernel Version 15.6.0: Thu Jun 23 18:25:34 PDT 2016; root:xnu-3248.60.10~1/RELEASE_X86_64
Kernel configured for up to 4 processors.
4 processors are physically available.
4 processors are logically available.
Processor type: x86_64h (Intel x86-64h Haswell)
Processors active: 0 1 2 3
Primary memory available: 8.00 gigabytes
Default processor set: 312 tasks, 1614 threads, 4 processors
Load average: 1.70, Mach factor: 2.29
/bin/machine           = unknown
/usr/bin/oslevel       = unknown
/bin/universe          = unknown

PATH: /usr/bin
PATH: /bin
PATH: /usr/sbin
PATH: /sbin
PATH: /usr/local/bin
PATH: /Library/TeX/texbin


## ----------- ##
## Core tests. ##
## ----------- ##

configure:1851: checking for gcc
configure:1878: result: clang
configure:2107: checking for C compiler version
configure:2116: clang --version >&5
Apple LLVM version 6.0 (clang-600.0.54) (based on LLVM 3.5svn)
Target: x86_64-apple-darwin15.6.0
Thread model: posix
configure:2127: $? = 0
configure:2116: clang -v >&5
Apple LLVM version 6.0 (clang-600.0.54) (based on LLVM 3.5svn)
Target: x86_64-apple-darwin15.6.0
Thread model: posix
configure:2127: $? = 0
configure:2116: clang -V >&5
clang: error: argument to '-V' is missing (expected 1 value)
clang: error: no input files
configure:2127: $? = 1
configure:2116: clang -qversion >&5
clang: error: unknown argument: '-qversion'
clang: error: no input files
configure:2127: $? = 1
configure:2147: checking whether the C compiler works
configure:2169: clang -Wall -mtune=core2 -g -O2 -I/usr/local/include -I/usr/local/include/freetype2 -I/opt/X11/include -L/usr/local/lib conftest.c  >&5
configure:2173: $? = 0
configure:2221: result: yes
configure:2224: checking for C compiler default output file name
configure:2226: result: a.out
configure:2232: checking for suffix of executables
configure:2239: clang -o conftest -Wall -mtune=core2 -g -O2 -I/usr/local/include -I/usr/local/include/freetype2 -I/opt/X11/include -L/usr/local/lib conftest.c  >&5
configure:2243: $? = 0
configure:2265: result: 
configure:2287: checking whether we are cross compiling
configure:2295: clang -o conftest -Wall -mtune=core2 -g -O2 -I/usr/local/include -I/usr/local/include/freetype2 -I/opt/X11/include -L/usr/local/lib conftest.c  >&5
configure:2299: $? = 0
configure:2306: ./conftest
configure:2310: $? = 0
configure:2325: result: no
configure:2330: checking for suffix of object files
configure:2352: clang -c -Wall -mtune=core2 -g -O2 -I/usr/local/include -I/usr/local/include/freetype2 -I/opt/X11/include conftest.c >&5
configure:2356: $? = 0
configure:2377: result: o
configure:2381: checking whether we are using the GNU C compiler
configure:2400: clang -c -Wall -mtune=core2 -g -O2 -I/usr/local/include -I/usr/local/include/freetype2 -I/opt/X11/include conftest.c >&5
configure:2400: $? = 0
configure:2409: result: yes
configure:2418: checking whether clang accepts -g
configure:2438: clang -c -g -I/usr/local/include -I/usr/local/include/freetype2 -I/opt/X11/include conftest.c >&5
configure:2438: $? = 0
configure:2479: result: yes
configure:2496: checking for clang option to accept ISO C89
configure:2559: clang  -c -Wall -mtune=core2 -g -O2 -I/usr/local/include -I/usr/local/include/freetype2 -I/opt/X11/include conftest.c >&5
configure:2559: $? = 0
configure:2572: result: none needed
configure:2593: checking for __gmpz_init in -lgmp
configure:2618: clang -o conftest -Wall -mtune=core2 -g -O2 -I/usr/local/include -I/usr/local/include/freetype2 -I/opt/X11/include -L/usr/local/lib conftest.c -lgmp   >&5
configure:2618: $? = 0
configure:2627: result: yes
configure:2797: creating ./config.status

## ---------------------- ##
## Running config.status. ##
## ---------------------- ##

This file was extended by config.status, which was
generated by GNU Autoconf 2.69.  Invocation command line was

  CONFIG_FILES    = 
  CONFIG_HEADERS  = 
  CONFIG_LINKS    = 
  CONFIG_COMMANDS = 
  $ ./config.status 

on iMac.local

config.status:722: creating src/Makevars

## ---------------- ##
## Cache variables. ##
## ---------------- ##

ac_cv_c_compiler_gnu=yes
ac_cv_env_CC_set=
ac_cv_env_CC_value=
ac_cv_env_CFLAGS_set=
ac_cv_env_CFLAGS_value=
ac_cv_env_CPPFLAGS_set=
ac_cv_env_CPPFLAGS_value=
ac_cv_env_LDFLAGS_set=
ac_cv_env_LDFLAGS_value=
ac_cv_env_LIBS_set=
ac_cv_env_LIBS_value=
ac_cv_env_build_alias_set=
ac_cv_env_build_alias_value=
ac_cv_env_host_alias_set=
ac_cv_env_host_alias_value=
ac_cv_env_target_alias_set=
ac_cv_env_target_alias_value=
ac_cv_lib_gmp___gmpz_init=yes
ac_cv_objext=o
ac_cv_prog_ac_ct_CC=clang
ac_cv_prog_cc_c89=
ac_cv_prog_cc_g=yes

## ----------------- ##
## Output variables. ##
## ----------------- ##

CC='clang'
CFLAGS='-Wall -mtune=core2 -g -O2'
CPPFLAGS='-I/usr/local/include -I/usr/local/include/freetype2 -I/opt/X11/include'
DEFS='-DPACKAGE_NAME=\"\" -DPACKAGE_TARNAME=\"\" -DPACKAGE_VERSION=\"\" -DPACKAGE_STRING=\"\" -DPACKAGE_BUGREPORT=\"\" -DPACKAGE_URL=\"\" -DHAVE_LIBGMP=1'
ECHO_C='\c'
ECHO_N=''
ECHO_T=''
EXEEXT=''
LDFLAGS='-L/usr/local/lib'
LIBOBJS=''
LIBS='-lgmp '
LTLIBOBJS=''
OBJEXT='o'
PACKAGE_BUGREPORT=''
PACKAGE_NAME=''
PACKAGE_STRING=''
PACKAGE_TARNAME=''
PACKAGE_URL=''
PACKAGE_VERSION=''
PATH_SEPARATOR=':'
PKG_CFLAGS=''
PKG_CPPFLAGS=''
PKG_LDFLAGS=''
SHELL='/bin/sh'
ac_ct_CC='clang'
bindir='${exec_prefix}/bin'
build_alias=''
datadir='${datarootdir}'
datarootdir='${prefix}/share'
docdir='${datarootdir}/doc/${PACKAGE}'
dvidir='${docdir}'
exec_prefix='${prefix}'
host_alias=''
htmldir='${docdir}'
includedir='${prefix}/include'
infodir='${datarootdir}/info'
libdir='${exec_prefix}/lib'
libexecdir='${exec_prefix}/libexec'
localedir='${datarootdir}/locale'
localstatedir='${prefix}/var'
mandir='${datarootdir}/man'
oldincludedir='/usr/include'
pdfdir='${docdir}'
prefix='/usr/local'
program_transform_name='s,x,x,'
psdir='${docdir}'
runstatedir='${localstatedir}/run'
sbindir='${exec_prefix}/sbin'
sharedstatedir='${prefix}/com'
sysconfdir='${prefix}/etc'
target_alias=''

## ----------- ##
## confdefs.h. ##
## ----------- ##

/* confdefs.h */
#define PACKAGE_NAME ""
#define PACKAGE_TARNAME ""
#define PACKAGE_VERSION ""
#define PACKAGE_STRING ""
#define PACKAGE_BUGREPORT ""
#define PACKAGE_URL ""
#define HAVE_LIBGMP 1

configure: exit 0
